# JRE version: OpenJDK Runtime Environment (7.0_75-b13) (build 1.7.0_75-b13)
# Java VM: OpenJDK 64-Bit Server VM (24.75-b04 mixed mode linux-amd64 compressed oops)
Heap
 PSYoungGen      total 28672K, used 23055K [0x00000000ed100000, 0x00000000eef80000, 0x0000000100000000)
  eden space 26624K, 85% used [0x00000000ed100000,0x00000000ee753d08,0x00000000eeb00000)
  from space 2048K, 9% used [0x00000000eed00000,0x00000000eed30000,0x00000000eef00000)
  to   space 2048K, 0% used [0x00000000eeb00000,0x00000000eeb00000,0x00000000eed00000)
 ParOldGen       total 48640K, used 22842K [0x00000000c7400000, 0x00000000ca380000, 0x00000000ed100000)
  object space 48640K, 46% used [0x00000000c7400000,0x00000000c8a4e940,0x00000000ca380000)
 PSPermGen       total 21504K, used 7327K [0x00000000bce00000, 0x00000000be300000, 0x00000000c7400000)
  object space 21504K, 34% used [0x00000000bce00000,0x00000000bd527f40,0x00000000be300000)
GC Heap History (10 events):
Event: 2,031 GC heap before
{Heap before GC invocations=1 (full 0):
 PSYoungGen      total 17408K, used 15360K [0x00000000ed100000, 0x00000000ee400000, 0x0000000100000000)
  eden space 15360K, 100% used [0x00000000ed100000,0x00000000ee000000,0x00000000ee000000)
  from space 2048K, 0% used [0x00000000ee200000,0x00000000ee200000,0x00000000ee400000)
  to   space 2048K, 0% used [0x00000000ee000000,0x00000000ee000000,0x00000000ee200000)
 ParOldGen       total 38400K, used 0K [0x00000000c7400000, 0x00000000c9980000, 0x00000000ed100000)
  object space 38400K, 0% used [0x00000000c7400000,0x00000000c7400000,0x00000000c9980000)
 PSPermGen       total 21504K, used 5069K [0x00000000bce00000, 0x00000000be300000, 0x00000000c7400000)
  object space 21504K, 23% used [0x00000000bce00000,0x00000000bd2f3428,0x00000000be300000)
Event: 2,037 GC heap after
Heap after GC invocations=1 (full 0):
 PSYoungGen      total 17408K, used 1221K [0x00000000ed100000, 0x00000000ee400000, 0x0000000100000000)
  eden space 15360K, 0% used [0x00000000ed100000,0x00000000ed100000,0x00000000ee000000)
  from space 2048K, 59% used [0x00000000ee000000,0x00000000ee131460,0x00000000ee200000)
  to   space 2048K, 0% used [0x00000000ee200000,0x00000000ee200000,0x00000000ee400000)
 ParOldGen       total 38400K, used 15969K [0x00000000c7400000, 0x00000000c9980000, 0x00000000ed100000)
  object space 38400K, 41% used [0x00000000c7400000,0x00000000c8398750,0x00000000c9980000)
 PSPermGen       total 21504K, used 5069K [0x00000000bce00000, 0x00000000be300000, 0x00000000c7400000)
  object space 21504K, 23% used [0x00000000bce00000,0x00000000bd2f3428,0x00000000be300000)
}
Event: 2,169 GC heap before
{Heap before GC invocations=2 (full 0):
 PSYoungGen      total 17408K, used 16581K [0x00000000ed100000, 0x00000000ee400000, 0x0000000100000000)
  eden space 15360K, 100% used [0x00000000ed100000,0x00000000ee000000,0x00000000ee000000)
  from space 2048K, 59% used [0x00000000ee000000,0x00000000ee131460,0x00000000ee200000)
  to   space 2048K, 0% used [0x00000000ee200000,0x00000000ee200000,0x00000000ee400000)
 ParOldGen       total 38400K, used 15969K [0x00000000c7400000, 0x00000000c9980000, 0x00000000ed100000)
  object space 38400K, 41% used [0x00000000c7400000,0x00000000c8398750,0x00000000c9980000)
 PSPermGen       total 21504K, used 5299K [0x00000000bce00000, 0x00000000be300000, 0x00000000c7400000)
  object space 21504K, 24% used [0x00000000bce00000,0x00000000bd32cf00,0x00000000be300000)
Event: 2,172 GC heap after
Heap after GC invocations=2 (full 0):
 PSYoungGen      total 17408K, used 624K [0x00000000ed100000, 0x00000000ef300000, 0x0000000100000000)
  eden space 15360K, 0% used [0x00000000ed100000,0x00000000ed100000,0x00000000ee000000)
  from space 2048K, 30% used [0x00000000ee200000,0x00000000ee29c010,0x00000000ee400000)
  to   space 2048K, 0% used [0x00000000ee000000,0x00000000ee000000,0x00000000ee200000)
 ParOldGen       total 38400K, used 19630K [0x00000000c7400000, 0x00000000c9980000, 0x00000000ed100000)
  object space 38400K, 51% used [0x00000000c7400000,0x00000000c872bbe0,0x00000000c9980000)
 PSPermGen       total 21504K, used 5299K [0x00000000bce00000, 0x00000000be300000, 0x00000000c7400000)
  object space 21504K, 24% used [0x00000000bce00000,0x00000000bd32cf00,0x00000000be300000)
}
Event: 2,172 GC heap before
{Heap before GC invocations=3 (full 1):
 PSYoungGen      total 17408K, used 624K [0x00000000ed100000, 0x00000000ef300000, 0x0000000100000000)
  eden space 15360K, 0% used [0x00000000ed100000,0x00000000ed100000,0x00000000ee000000)
  from space 2048K, 30% used [0x00000000ee200000,0x00000000ee29c010,0x00000000ee400000)
  to   space 2048K, 0% used [0x00000000ee000000,0x00000000ee000000,0x00000000ee200000)
 ParOldGen       total 38400K, used 19630K [0x00000000c7400000, 0x00000000c9980000, 0x00000000ed100000)
  object space 38400K, 51% used [0x00000000c7400000,0x00000000c872bbe0,0x00000000c9980000)
 PSPermGen       total 21504K, used 5299K [0x00000000bce00000, 0x00000000be300000, 0x00000000c7400000)
  object space 21504K, 24% used [0x00000000bce00000,0x00000000bd32cf00,0x00000000be300000)
Event: 2,184 GC heap after
Heap after GC invocations=3 (full 1):
 PSYoungGen      total 17408K, used 0K [0x00000000ed100000, 0x00000000ef300000, 0x0000000100000000)
  eden space 15360K, 0% used [0x00000000ed100000,0x00000000ed100000,0x00000000ee000000)
  from space 2048K, 0% used [0x00000000ee200000,0x00000000ee200000,0x00000000ee400000)
  to   space 2048K, 0% used [0x00000000ee000000,0x00000000ee000000,0x00000000ee200000)
 ParOldGen       total 48640K, used 9535K [0x00000000c7400000, 0x00000000ca380000, 0x00000000ed100000)
  object space 48640K, 19% used [0x00000000c7400000,0x00000000c7d4fc60,0x00000000ca380000)
 PSPermGen       total 21504K, used 5298K [0x00000000bce00000, 0x00000000be300000, 0x00000000c7400000)
  object space 21504K, 24% used [0x00000000bce00000,0x00000000bd32caa0,0x00000000be300000)
}
Event: 2,401 GC heap before
{Heap before GC invocations=4 (full 1):
 PSYoungGen      total 17408K, used 15360K [0x00000000ed100000, 0x00000000ef300000, 0x0000000100000000)
  eden space 15360K, 100% used [0x00000000ed100000,0x00000000ee000000,0x00000000ee000000)
  from space 2048K, 0% used [0x00000000ee200000,0x00000000ee200000,0x00000000ee400000)
  to   space 2048K, 0% used [0x00000000ee000000,0x00000000ee000000,0x00000000ee200000)
 ParOldGen       total 48640K, used 18189K [0x00000000c7400000, 0x00000000ca380000, 0x00000000ed100000)
  object space 48640K, 37% used [0x00000000c7400000,0x00000000c85c34b0,0x00000000ca380000)
 PSPermGen       total 21504K, used 6333K [0x00000000bce00000, 0x00000000be300000, 0x00000000c7400000)
  object space 21504K, 29% used [0x00000000bce00000,0x00000000bd42f540,0x00000000be300000)
Event: 2,404 GC heap after
Heap after GC invocations=4 (full 1):
 PSYoungGen      total 17408K, used 192K [0x00000000ed100000, 0x00000000eef00000, 0x0000000100000000)
  eden space 15360K, 0% used [0x00000000ed100000,0x00000000ed100000,0x00000000ee000000)
  from space 2048K, 9% used [0x00000000ee000000,0x00000000ee030000,0x00000000ee200000)
  to   space 2048K, 0% used [0x00000000eed00000,0x00000000eed00000,0x00000000eef00000)
 ParOldGen       total 48640K, used 22842K [0x00000000c7400000, 0x00000000ca380000, 0x00000000ed100000)
  object space 48640K, 46% used [0x00000000c7400000,0x00000000c8a4e940,0x00000000ca380000)
 PSPermGen       total 21504K, used 6333K [0x00000000bce00000, 0x00000000be300000, 0x00000000c7400000)
  object space 21504K, 29% used [0x00000000bce00000,0x00000000bd42f540,0x00000000be300000)
}
Event: 2,442 GC heap before
{Heap before GC invocations=5 (full 1):
 PSYoungGen      total 17408K, used 15552K [0x00000000ed100000, 0x00000000eef00000, 0x0000000100000000)
  eden space 15360K, 100% used [0x00000000ed100000,0x00000000ee000000,0x00000000ee000000)
  from space 2048K, 9% used [0x00000000ee000000,0x00000000ee030000,0x00000000ee200000)
  to   space 2048K, 0% used [0x00000000eed00000,0x00000000eed00000,0x00000000eef00000)
 ParOldGen       total 48640K, used 22842K [0x00000000c7400000, 0x00000000ca380000, 0x00000000ed100000)
  object space 48640K, 46% used [0x00000000c7400000,0x00000000c8a4e940,0x00000000ca380000)
 PSPermGen       total 21504K, used 6333K [0x00000000bce00000, 0x00000000be300000, 0x00000000c7400000)
  object space 21504K, 29% used [0x00000000bce00000,0x00000000bd42f540,0x00000000be300000)
Event: 2,443 GC heap after
Heap after GC invocations=5 (full 1):
 PSYoungGen      total 28672K, used 192K [0x00000000ed100000, 0x00000000eef80000, 0x0000000100000000)
  eden space 26624K, 0% used [0x00000000ed100000,0x00000000ed100000,0x00000000eeb00000)
  from space 2048K, 9% used [0x00000000eed00000,0x00000000eed30000,0x00000000eef00000)
  to   space 2048K, 0% used [0x00000000eeb00000,0x00000000eeb00000,0x00000000eed00000)
 ParOldGen       total 48640K, used 22842K [0x00000000c7400000, 0x00000000ca380000, 0x00000000ed100000)
  object space 48640K, 46% used [0x00000000c7400000,0x00000000c8a4e940,0x00000000ca380000)
 PSPermGen       total 21504K, used 6333K [0x00000000bce00000, 0x00000000be300000, 0x00000000c7400000)
  object space 21504K, 29% used [0x00000000bce00000,0x00000000bd42f540,0x00000000be300000)
}

